c:\users\aly\source\repos\naggui\naggui\x64\debug\vc143.pdb
c:\users\aly\source\repos\naggui\naggui\x64\debug\.netframework,version=v4.7.2.assemblyattributes.obj
c:\users\aly\source\repos\naggui\naggui\x64\debug\window.obj
c:\users\aly\source\repos\naggui\naggui\x64\debug\map.obj
c:\users\aly\source\repos\naggui\x64\debug\naggui.lib
c:\users\aly\source\repos\naggui\x64\debug\naggui.exp
c:\users\aly\source\repos\naggui\x64\debug\naggui.exe
c:\users\aly\source\repos\naggui\x64\debug\naggui.pdb
c:\users\aly\source\repos\naggui\naggui\x64\debug\naggui.tlog\cl.command.1.tlog
c:\users\aly\source\repos\naggui\naggui\x64\debug\naggui.tlog\cl.read.1.tlog
c:\users\aly\source\repos\naggui\naggui\x64\debug\naggui.tlog\cl.write.1.tlog
c:\users\aly\source\repos\naggui\naggui\x64\debug\naggui.tlog\link.command.1.tlog
c:\users\aly\source\repos\naggui\naggui\x64\debug\naggui.tlog\link.read.1.tlog
c:\users\aly\source\repos\naggui\naggui\x64\debug\naggui.tlog\link.write.1.tlog
c:\users\aly\source\repos\naggui\naggui\x64\debug\naggui.tlog\link.write.2u.tlog
c:\users\aly\source\repos\naggui\naggui\x64\debug\naggui.tlog\metagen.read.1.tlog
c:\users\aly\source\repos\naggui\naggui\x64\debug\naggui.tlog\metagen.write.1.tlog
c:\users\aly\source\repos\naggui\naggui\x64\debug\naggui.tlog\resgen.command.1.tlog
c:\users\aly\source\repos\naggui\naggui\x64\debug\naggui.tlog\resgen.read.1.tlog
c:\users\aly\source\repos\naggui\naggui\x64\debug\naggui.tlog\resgen.write.1.tlog
